<?xml version="1.0" encoding="UTF-8"?>
<!-- Generated by org.testng.reporters.JUnitReportReporter -->
<testsuite hostname="Prasads-MacBook-Air.local" failures="0" tests="1" name="JavaCode.JavaCode.Stream" time="0.011" errors="0" timestamp="2022-07-06T15:22:42 IST" skipped="0">
  <testcase classname="JavaCode.JavaCode.Stream" name="streamMap" time="0.011"/>
  <system-out/>
</testsuite> <!-- JavaCode.JavaCode.Stream -->
