<?xml version="1.0" encoding="UTF-8"?>
<!-- Generated by org.testng.reporters.JUnitReportReporter -->
<testsuite hostname="Prasads-MacBook-Air.local" failures="0" tests="1" name="JavaCode.JavaCode.StreamExample" time="0.020" errors="0" timestamp="2022-07-06T15:46:45 IST" skipped="0">
  <testcase classname="JavaCode.JavaCode.StreamExample" name="streamMap" time="0.020"/>
  <system-out/>
</testsuite> <!-- JavaCode.JavaCode.StreamExample -->
